Using pre-set license
Built from '2020.3/staging' branch; Version is '2020.3.11f1 (99c7afb366b3) revision 10078127'; Using compiler version '192528614'; Build Type 'Release'
OS: 'Windows 10 Home Single Language; OS build 19043.1083; Version 2009; 64bit' Language: 'ru' Physical Memory: 6020 MB
BatchMode: 1, IsHumanControllingUs: 0, StartBugReporterOnCrash: 0, Is64bit: 1, IsPro: 0

 COMMAND LINE ARGUMENTS:
C:\Program Files\Unity\Hub\Editor\2020.3.11f1\Editor\Unity.exe
-adb2
-batchMode
-noUpm
-name
AssetImportWorker1
-projectPath
C:/Users/nataz/OneDrive/Документы/zombitower
-logFile
Logs/AssetImportWorker1.log
-srvPort
58919
Successfully changed project path to: C:/Users/nataz/OneDrive/Документы/zombitower
C:/Users/nataz/OneDrive/Документы/zombitower
Using Asset Import Pipeline V2.
Refreshing native plugins compatible for Editor in 71.37 ms, found 3 plugins.
Preloading 0 native plugins for Editor in 0.00 ms.
Initialize engine version: 2020.3.11f1 (99c7afb366b3)
[Subsystems] Discovering subsystems at path C:/Program Files/Unity/Hub/Editor/2020.3.11f1/Editor/Data/Resources/UnitySubsystems
[Subsystems] Discovering subsystems at path C:/Users/nataz/OneDrive/Документы/zombitower/Assets
GfxDevice: creating device client; threaded=0
Direct3D:
    Version:  Direct3D 11.0 [level 11.1]
    Renderer: AMD Radeon(TM) Vega 3 Graphics (ID=0x15d8)
    Vendor:   
    VRAM:     3010 MB
    Driver:   26.20.14046.3
Initialize mono
Mono path[0] = 'C:/Program Files/Unity/Hub/Editor/2020.3.11f1/Editor/Data/Managed'
Mono path[1] = 'C:/Program Files/Unity/Hub/Editor/2020.3.11f1/Editor/Data/MonoBleedingEdge/lib/mono/unityjit'
Mono config path = 'C:/Program Files/Unity/Hub/Editor/2020.3.11f1/Editor/Data/MonoBleedingEdge/etc'
Using monoOptions --debugger-agent=transport=dt_socket,embedding=1,server=y,suspend=n,address=127.0.0.1:56884
Begin MonoManager ReloadAssembly
Registering precompiled unity dll's ...
Register platform support module: C:/Program Files/Unity/Hub/Editor/2020.3.11f1/Editor/Data/PlaybackEngines/WindowsStandaloneSupport/UnityEditor.WindowsStandalone.Extensions.dll
Registered in 0.003974 seconds.
Native extension for WindowsStandalone target not found
Refreshing native plugins compatible for Editor in 65.63 ms, found 3 plugins.
Preloading 0 native plugins for Editor in 0.00 ms.
Mono: successfully reloaded assembly
- Completed reload, in  1.770 seconds
Platform modules already initialized, skipping
Registering precompiled user dll's ...
Registered in 0.010643 seconds.
Begin MonoManager ReloadAssembly
Native extension for WindowsStandalone target not found
Refreshing native plugins compatible for Editor in 64.74 ms, found 3 plugins.
Preloading 0 native plugins for Editor in 0.00 ms.
Mono: successfully reloaded assembly
- Completed reload, in  1.960 seconds
Platform modules already initialized, skipping
========================================================================
Worker process is ready to serve import requests
Launched and connected shader compiler UnityShaderCompiler.exe after 0.12 seconds
Refreshing native plugins compatible for Editor in 0.89 ms, found 3 plugins.
Preloading 0 native plugins for Editor in 0.00 ms.
Unloading 2337 Unused Serialized files (Serialized files now loaded: 0)
System memory in use before: 108.4 MB.
System memory in use after: 107.2 MB.

Unloading 45 unused Assets to reduce memory usage. Loaded Objects now: 2761.
Total: 4.776300 ms (FindLiveObjects: 0.353400 ms CreateObjectMapping: 0.096800 ms MarkObjects: 3.144200 ms  DeleteObjects: 1.179500 ms)

========================================================================
Received Import Request.
  path: Assets/Resources/Scripts/Player/PlayerController.cs
  artifactKey: Guid(a85269a84c20d774f90dac1f4848b8b0) Importer(815301076,1909f56bfc062723c751e8b465ee728b)
Start importing Assets/Resources/Scripts/Player/PlayerController.cs using Guid(a85269a84c20d774f90dac1f4848b8b0) Importer(815301076,1909f56bfc062723c751e8b465ee728b)  -> (artifact id: 'e02efb16d301d20bb544cfd4b3ed2bd6') in 0.061338 seconds
  Import took 0.068956 seconds .

========================================================================
Received Prepare
Registering precompiled user dll's ...
Registered in 0.010516 seconds.
Begin MonoManager ReloadAssembly
Native extension for WindowsStandalone target not found
Refreshing native plugins compatible for Editor in 2.31 ms, found 3 plugins.
Preloading 0 native plugins for Editor in 0.00 ms.
Mono: successfully reloaded assembly
- Completed reload, in  2.418 seconds
Platform modules already initialized, skipping
Refreshing native plugins compatible for Editor in 0.99 ms, found 3 plugins.
Preloading 0 native plugins for Editor in 0.00 ms.
Unloading 2306 Unused Serialized files (Serialized files now loaded: 0)
System memory in use before: 105.8 MB.
System memory in use after: 104.7 MB.

Unloading 33 unused Assets to reduce memory usage. Loaded Objects now: 2765.
Total: 7.106600 ms (FindLiveObjects: 0.576900 ms CreateObjectMapping: 0.201900 ms MarkObjects: 4.520400 ms  DeleteObjects: 1.803900 ms)

========================================================================
Received Prepare
Registering precompiled user dll's ...
Registered in 0.035796 seconds.
Begin MonoManager ReloadAssembly
Native extension for WindowsStandalone target not found
Refreshing native plugins compatible for Editor in 0.64 ms, found 3 plugins.
Preloading 0 native plugins for Editor in 0.00 ms.
Mono: successfully reloaded assembly
- Completed reload, in  1.588 seconds
Platform modules already initialized, skipping
Refreshing native plugins compatible for Editor in 0.69 ms, found 3 plugins.
Preloading 0 native plugins for Editor in 0.00 ms.
Unloading 2306 Unused Serialized files (Serialized files now loaded: 0)
System memory in use before: 105.8 MB.
System memory in use after: 104.7 MB.

Unloading 33 unused Assets to reduce memory usage. Loaded Objects now: 2769.
Total: 4.970000 ms (FindLiveObjects: 0.361100 ms CreateObjectMapping: 0.097200 ms MarkObjects: 3.170500 ms  DeleteObjects: 1.338900 ms)

========================================================================
Received Prepare
Registering precompiled user dll's ...
Registered in 0.010164 seconds.
Begin MonoManager ReloadAssembly
Native extension for WindowsStandalone target not found
Refreshing native plugins compatible for Editor in 0.69 ms, found 3 plugins.
Preloading 0 native plugins for Editor in 0.00 ms.
Mono: successfully reloaded assembly
- Completed reload, in  1.617 seconds
Platform modules already initialized, skipping
Refreshing native plugins compatible for Editor in 0.63 ms, found 3 plugins.
Preloading 0 native plugins for Editor in 0.00 ms.
Unloading 2306 Unused Serialized files (Serialized files now loaded: 0)
System memory in use before: 105.9 MB.
System memory in use after: 104.8 MB.

Unloading 33 unused Assets to reduce memory usage. Loaded Objects now: 2773.
Total: 5.278900 ms (FindLiveObjects: 0.358300 ms CreateObjectMapping: 0.096400 ms MarkObjects: 3.293900 ms  DeleteObjects: 1.528300 ms)

========================================================================
Received Import Request.
  Time since last request: 579.555265 seconds.
  path: Assets/Resources/arrow.png
  artifactKey: Guid(1a34cc6819e9ad543b190f1d94b24626) Importer(815301076,1909f56bfc062723c751e8b465ee728b)
Start importing Assets/Resources/arrow.png using Guid(1a34cc6819e9ad543b190f1d94b24626) Importer(815301076,1909f56bfc062723c751e8b465ee728b)  -> (artifact id: '600086a888e9cecd3f820e30976d80a6') in 0.201657 seconds
  Import took 0.206288 seconds .

========================================================================
Received Import Request.
  Time since last request: 0.000253 seconds.
  path: Assets/Resources/background_sky.jpg
  artifactKey: Guid(d6d47dce01bdbb6498376480ad054e03) Importer(815301076,1909f56bfc062723c751e8b465ee728b)
Start importing Assets/Resources/background_sky.jpg using Guid(d6d47dce01bdbb6498376480ad054e03) Importer(815301076,1909f56bfc062723c751e8b465ee728b)  -> (artifact id: '804a8159ea6ae26f9daf3b360d1fee0a') in 0.047491 seconds
  Import took 0.052665 seconds .

========================================================================
Received Import Request.
  Time since last request: 0.000312 seconds.
  path: Assets/Resources/platform.png
  artifactKey: Guid(9bec47fb4e48b9f42946dfbb8b94a191) Importer(815301076,1909f56bfc062723c751e8b465ee728b)
Start importing Assets/Resources/platform.png using Guid(9bec47fb4e48b9f42946dfbb8b94a191) Importer(815301076,1909f56bfc062723c751e8b465ee728b)  -> (artifact id: '4241adcb74cfc9f115ed1d92e8b1ec07') in 0.039323 seconds
  Import took 0.044707 seconds .

========================================================================
Received Import Request.
  Time since last request: 0.861885 seconds.
  path: Assets/Resources/Prefabs
  artifactKey: Guid(0b226a8930bb4f247a6b9e48c03bf4da) Importer(815301076,1909f56bfc062723c751e8b465ee728b)
Start importing Assets/Resources/Prefabs using Guid(0b226a8930bb4f247a6b9e48c03bf4da) Importer(815301076,1909f56bfc062723c751e8b465ee728b)  -> (artifact id: '0c24f5d04b028a70217e96a1113fe036') in 0.015227 seconds
  Import took 0.021820 seconds .

========================================================================
Received Import Request.
  Time since last request: 0.003350 seconds.
  path: Assets/Resources/Prefabs
  artifactKey: Guid(0b226a8930bb4f247a6b9e48c03bf4da) Importer(815301076,1909f56bfc062723c751e8b465ee728b)
Start importing Assets/Resources/Prefabs using Guid(0b226a8930bb4f247a6b9e48c03bf4da) Importer(815301076,1909f56bfc062723c751e8b465ee728b)  -> (artifact id: '0c24f5d04b028a70217e96a1113fe036') in 0.006307 seconds
  Import took 0.011003 seconds .

========================================================================
Received Import Request.
  Time since last request: 0.019738 seconds.
  path: Assets/Resources/Prefabs/arrow.prefab
  artifactKey: Guid(806ae1b32688f0e4cbbc76fbd07bb5a9) Importer(815301076,1909f56bfc062723c751e8b465ee728b)
Start importing Assets/Resources/Prefabs/arrow.prefab using Guid(806ae1b32688f0e4cbbc76fbd07bb5a9) Importer(815301076,1909f56bfc062723c751e8b465ee728b)  -> (artifact id: 'fd4f0e74e9415703c4cba368ca5fcf3c') in 0.071161 seconds
  Import took 0.076126 seconds .

========================================================================
Received Import Request.
  Time since last request: 0.000245 seconds.
  path: Assets/Resources/Prefabs/point.prefab
  artifactKey: Guid(c39513798f026784ba42f722ca4d98e3) Importer(815301076,1909f56bfc062723c751e8b465ee728b)
Start importing Assets/Resources/Prefabs/point.prefab using Guid(c39513798f026784ba42f722ca4d98e3) Importer(815301076,1909f56bfc062723c751e8b465ee728b)  -> (artifact id: '889b4f30a2d68cac01b58f68bee09f09') in 0.033166 seconds
  Import took 0.038742 seconds .

========================================================================
Received Import Request.
  Time since last request: 0.000255 seconds.
  path: Assets/Resources/Prefabs/enemyPrefab.prefab
  artifactKey: Guid(6cfafcc67af2e744dba547898c6cc96d) Importer(815301076,1909f56bfc062723c751e8b465ee728b)
Start importing Assets/Resources/Prefabs/enemyPrefab.prefab using Guid(6cfafcc67af2e744dba547898c6cc96d) Importer(815301076,1909f56bfc062723c751e8b465ee728b)  -> (artifact id: 'ed45b83fd4049f5d9e018007d2fb46fa') in 0.068065 seconds
  Import took 0.072695 seconds .

========================================================================
Received Import Request.
  Time since last request: 0.000236 seconds.
  path: Assets/Resources/Prefabs/respawnPoint.prefab
  artifactKey: Guid(4df74f34028163c4e8c3ffbb6b18886f) Importer(815301076,1909f56bfc062723c751e8b465ee728b)
Start importing Assets/Resources/Prefabs/respawnPoint.prefab using Guid(4df74f34028163c4e8c3ffbb6b18886f) Importer(815301076,1909f56bfc062723c751e8b465ee728b)  -> (artifact id: '01783f3b2fd0a379586b855106e3a1f9') in 0.017018 seconds
  Import took 0.022722 seconds .

========================================================================
Received Prepare
Registering precompiled user dll's ...
Registered in 0.010366 seconds.
Begin MonoManager ReloadAssembly
Native extension for WindowsStandalone target not found
Refreshing native plugins compatible for Editor in 0.73 ms, found 3 plugins.
Preloading 0 native plugins for Editor in 0.00 ms.
Mono: successfully reloaded assembly
- Completed reload, in  1.615 seconds
Platform modules already initialized, skipping
Refreshing native plugins compatible for Editor in 0.63 ms, found 3 plugins.
Preloading 0 native plugins for Editor in 0.00 ms.
Unloading 2306 Unused Serialized files (Serialized files now loaded: 0)
System memory in use before: 108.8 MB.
System memory in use after: 107.8 MB.

Unloading 33 unused Assets to reduce memory usage. Loaded Objects now: 2791.
Total: 5.175800 ms (FindLiveObjects: 0.350200 ms CreateObjectMapping: 0.100500 ms MarkObjects: 3.386000 ms  DeleteObjects: 1.336800 ms)

========================================================================
Received Prepare
Registering precompiled user dll's ...
Registered in 0.012235 seconds.
Begin MonoManager ReloadAssembly
Native extension for WindowsStandalone target not found
Refreshing native plugins compatible for Editor in 0.67 ms, found 3 plugins.
Preloading 0 native plugins for Editor in 0.00 ms.
Mono: successfully reloaded assembly
- Completed reload, in  1.795 seconds
Platform modules already initialized, skipping
Refreshing native plugins compatible for Editor in 0.62 ms, found 3 plugins.
Preloading 0 native plugins for Editor in 0.00 ms.
Unloading 2306 Unused Serialized files (Serialized files now loaded: 0)
System memory in use before: 108.8 MB.
System memory in use after: 107.7 MB.

Unloading 33 unused Assets to reduce memory usage. Loaded Objects now: 2795.
Total: 4.203600 ms (FindLiveObjects: 0.318700 ms CreateObjectMapping: 0.072400 ms MarkObjects: 2.469900 ms  DeleteObjects: 1.340700 ms)

========================================================================
Received Prepare
Registering precompiled user dll's ...
Registered in 0.010115 seconds.
Begin MonoManager ReloadAssembly
Native extension for WindowsStandalone target not found
Refreshing native plugins compatible for Editor in 0.72 ms, found 3 plugins.
Preloading 0 native plugins for Editor in 0.00 ms.
Mono: successfully reloaded assembly
- Completed reload, in  1.587 seconds
Platform modules already initialized, skipping
Refreshing native plugins compatible for Editor in 0.62 ms, found 3 plugins.
Preloading 0 native plugins for Editor in 0.00 ms.
Unloading 2306 Unused Serialized files (Serialized files now loaded: 0)
System memory in use before: 108.9 MB.
System memory in use after: 107.8 MB.

Unloading 33 unused Assets to reduce memory usage. Loaded Objects now: 2799.
Total: 5.393100 ms (FindLiveObjects: 0.351300 ms CreateObjectMapping: 0.099300 ms MarkObjects: 3.327100 ms  DeleteObjects: 1.612800 ms)

========================================================================
Received Prepare
Registering precompiled user dll's ...
Registered in 0.012489 seconds.
Begin MonoManager ReloadAssembly
Native extension for WindowsStandalone target not found
Refreshing native plugins compatible for Editor in 0.63 ms, found 3 plugins.
Preloading 0 native plugins for Editor in 0.00 ms.
Mono: successfully reloaded assembly
- Completed reload, in  1.669 seconds
Platform modules already initialized, skipping
Refreshing native plugins compatible for Editor in 0.91 ms, found 3 plugins.
Preloading 0 native plugins for Editor in 0.00 ms.
Unloading 2306 Unused Serialized files (Serialized files now loaded: 0)
System memory in use before: 108.9 MB.
System memory in use after: 107.8 MB.

Unloading 33 unused Assets to reduce memory usage. Loaded Objects now: 2803.
Total: 5.291700 ms (FindLiveObjects: 0.380500 ms CreateObjectMapping: 0.113300 ms MarkObjects: 3.207600 ms  DeleteObjects: 1.588300 ms)

========================================================================
Received Prepare
Registering precompiled user dll's ...
Registered in 0.008015 seconds.
Begin MonoManager ReloadAssembly
Native extension for WindowsStandalone target not found
Refreshing native plugins compatible for Editor in 0.78 ms, found 3 plugins.
Preloading 0 native plugins for Editor in 0.00 ms.
Mono: successfully reloaded assembly
- Completed reload, in  1.634 seconds
Platform modules already initialized, skipping
Refreshing native plugins compatible for Editor in 0.64 ms, found 3 plugins.
Preloading 0 native plugins for Editor in 0.00 ms.
Unloading 2306 Unused Serialized files (Serialized files now loaded: 0)
System memory in use before: 108.9 MB.
System memory in use after: 107.8 MB.

Unloading 33 unused Assets to reduce memory usage. Loaded Objects now: 2807.
Total: 4.979600 ms (FindLiveObjects: 0.349200 ms CreateObjectMapping: 0.097500 ms MarkObjects: 3.103300 ms  DeleteObjects: 1.427400 ms)

========================================================================
Received Prepare
Registering precompiled user dll's ...
Registered in 0.011700 seconds.
Begin MonoManager ReloadAssembly
Native extension for WindowsStandalone target not found
Refreshing native plugins compatible for Editor in 0.69 ms, found 3 plugins.
Preloading 0 native plugins for Editor in 0.00 ms.
Mono: successfully reloaded assembly
- Completed reload, in  1.509 seconds
Platform modules already initialized, skipping
Refreshing native plugins compatible for Editor in 0.81 ms, found 3 plugins.
Preloading 0 native plugins for Editor in 0.00 ms.
Unloading 2306 Unused Serialized files (Serialized files now loaded: 0)
System memory in use before: 108.9 MB.
System memory in use after: 107.8 MB.

Unloading 33 unused Assets to reduce memory usage. Loaded Objects now: 2811.
Total: 5.142700 ms (FindLiveObjects: 0.415500 ms CreateObjectMapping: 0.100000 ms MarkObjects: 3.027800 ms  DeleteObjects: 1.596900 ms)

========================================================================
Received Prepare
Registering precompiled user dll's ...
Registered in 0.013311 seconds.
Begin MonoManager ReloadAssembly
Native extension for WindowsStandalone target not found
Refreshing native plugins compatible for Editor in 0.65 ms, found 3 plugins.
Preloading 0 native plugins for Editor in 0.00 ms.
Mono: successfully reloaded assembly
- Completed reload, in  2.076 seconds
Platform modules already initialized, skipping
Refreshing native plugins compatible for Editor in 0.99 ms, found 3 plugins.
Preloading 0 native plugins for Editor in 0.00 ms.
Unloading 2306 Unused Serialized files (Serialized files now loaded: 0)
System memory in use before: 108.9 MB.
System memory in use after: 107.7 MB.

Unloading 33 unused Assets to reduce memory usage. Loaded Objects now: 2815.
Total: 6.416300 ms (FindLiveObjects: 0.401300 ms CreateObjectMapping: 0.094600 ms MarkObjects: 4.063800 ms  DeleteObjects: 1.854600 ms)

========================================================================
Received Prepare
Registering precompiled user dll's ...
Registered in 0.022788 seconds.
Begin MonoManager ReloadAssembly
Native extension for WindowsStandalone target not found
Refreshing native plugins compatible for Editor in 1.05 ms, found 3 plugins.
Preloading 0 native plugins for Editor in 0.00 ms.
Mono: successfully reloaded assembly
- Completed reload, in  2.292 seconds
Platform modules already initialized, skipping
Refreshing native plugins compatible for Editor in 0.61 ms, found 3 plugins.
Preloading 0 native plugins for Editor in 0.00 ms.
Unloading 2306 Unused Serialized files (Serialized files now loaded: 0)
System memory in use before: 108.9 MB.
System memory in use after: 107.8 MB.

Unloading 33 unused Assets to reduce memory usage. Loaded Objects now: 2819.
Total: 4.708100 ms (FindLiveObjects: 0.492600 ms CreateObjectMapping: 0.076700 ms MarkObjects: 2.746600 ms  DeleteObjects: 1.390400 ms)

========================================================================
Received Prepare
Registering precompiled user dll's ...
Registered in 0.011484 seconds.
Begin MonoManager ReloadAssembly
Native extension for WindowsStandalone target not found
Refreshing native plugins compatible for Editor in 0.93 ms, found 3 plugins.
Preloading 0 native plugins for Editor in 0.00 ms.
Mono: successfully reloaded assembly
- Completed reload, in  2.086 seconds
Platform modules already initialized, skipping
Refreshing native plugins compatible for Editor in 0.93 ms, found 3 plugins.
Preloading 0 native plugins for Editor in 0.00 ms.
Unloading 2306 Unused Serialized files (Serialized files now loaded: 0)
System memory in use before: 109.0 MB.
System memory in use after: 107.8 MB.

Unloading 33 unused Assets to reduce memory usage. Loaded Objects now: 2823.
Total: 6.290700 ms (FindLiveObjects: 0.474500 ms CreateObjectMapping: 0.200100 ms MarkObjects: 3.576500 ms  DeleteObjects: 2.037100 ms)

========================================================================
Received Prepare
Registering precompiled user dll's ...
Registered in 0.016367 seconds.
Begin MonoManager ReloadAssembly
Native extension for WindowsStandalone target not found
Refreshing native plugins compatible for Editor in 0.80 ms, found 3 plugins.
Preloading 0 native plugins for Editor in 0.00 ms.
Mono: successfully reloaded assembly
- Completed reload, in  1.484 seconds
Platform modules already initialized, skipping
Refreshing native plugins compatible for Editor in 0.59 ms, found 3 plugins.
Preloading 0 native plugins for Editor in 0.00 ms.
Unloading 2306 Unused Serialized files (Serialized files now loaded: 0)
System memory in use before: 109.0 MB.
System memory in use after: 107.9 MB.

Unloading 33 unused Assets to reduce memory usage. Loaded Objects now: 2827.
Total: 5.112200 ms (FindLiveObjects: 0.336600 ms CreateObjectMapping: 0.096400 ms MarkObjects: 3.100200 ms  DeleteObjects: 1.577200 ms)

========================================================================
Received Prepare
Registering precompiled user dll's ...
Registered in 0.008686 seconds.
Begin MonoManager ReloadAssembly
Native extension for WindowsStandalone target not found
Refreshing native plugins compatible for Editor in 1.11 ms, found 3 plugins.
Preloading 0 native plugins for Editor in 0.00 ms.
Mono: successfully reloaded assembly
- Completed reload, in  1.743 seconds
Platform modules already initialized, skipping
Refreshing native plugins compatible for Editor in 0.60 ms, found 3 plugins.
Preloading 0 native plugins for Editor in 0.00 ms.
Unloading 2306 Unused Serialized files (Serialized files now loaded: 0)
System memory in use before: 109.0 MB.
System memory in use after: 107.9 MB.

Unloading 33 unused Assets to reduce memory usage. Loaded Objects now: 2831.
Total: 5.318900 ms (FindLiveObjects: 0.333800 ms CreateObjectMapping: 0.128000 ms MarkObjects: 3.302500 ms  DeleteObjects: 1.552000 ms)

========================================================================
Received Prepare
Registering precompiled user dll's ...
Registered in 0.010987 seconds.
Begin MonoManager ReloadAssembly
Native extension for WindowsStandalone target not found
Refreshing native plugins compatible for Editor in 0.59 ms, found 3 plugins.
Preloading 0 native plugins for Editor in 0.00 ms.
Mono: successfully reloaded assembly
- Completed reload, in  1.637 seconds
Platform modules already initialized, skipping
Refreshing native plugins compatible for Editor in 0.90 ms, found 3 plugins.
Preloading 0 native plugins for Editor in 0.00 ms.
Unloading 2306 Unused Serialized files (Serialized files now loaded: 0)
System memory in use before: 108.9 MB.
System memory in use after: 107.8 MB.

Unloading 33 unused Assets to reduce memory usage. Loaded Objects now: 2835.
Total: 6.365300 ms (FindLiveObjects: 0.459400 ms CreateObjectMapping: 0.122400 ms MarkObjects: 3.951700 ms  DeleteObjects: 1.829600 ms)

========================================================================
Received Prepare
Registering precompiled user dll's ...
Registered in 0.007665 seconds.
Begin MonoManager ReloadAssembly
Native extension for WindowsStandalone target not found
Refreshing native plugins compatible for Editor in 0.60 ms, found 3 plugins.
Preloading 0 native plugins for Editor in 0.00 ms.
Mono: successfully reloaded assembly
- Completed reload, in  1.595 seconds
Platform modules already initialized, skipping
Refreshing native plugins compatible for Editor in 0.60 ms, found 3 plugins.
Preloading 0 native plugins for Editor in 0.00 ms.
Unloading 2306 Unused Serialized files (Serialized files now loaded: 0)
System memory in use before: 109.0 MB.
System memory in use after: 107.9 MB.

Unloading 33 unused Assets to reduce memory usage. Loaded Objects now: 2839.
Total: 5.074700 ms (FindLiveObjects: 0.337100 ms CreateObjectMapping: 0.097100 ms MarkObjects: 3.070700 ms  DeleteObjects: 1.567700 ms)

========================================================================
Received Prepare
Registering precompiled user dll's ...
Registered in 0.009664 seconds.
Begin MonoManager ReloadAssembly
Native extension for WindowsStandalone target not found
Refreshing native plugins compatible for Editor in 0.73 ms, found 3 plugins.
Preloading 0 native plugins for Editor in 0.00 ms.
Mono: successfully reloaded assembly
- Completed reload, in  1.761 seconds
Platform modules already initialized, skipping
Refreshing native plugins compatible for Editor in 0.59 ms, found 3 plugins.
Preloading 0 native plugins for Editor in 0.00 ms.
Unloading 2306 Unused Serialized files (Serialized files now loaded: 0)
System memory in use before: 109.0 MB.
System memory in use after: 107.9 MB.

Unloading 33 unused Assets to reduce memory usage. Loaded Objects now: 2843.
Total: 4.971600 ms (FindLiveObjects: 0.293700 ms CreateObjectMapping: 0.071000 ms MarkObjects: 3.105400 ms  DeleteObjects: 1.499900 ms)

========================================================================
Received Prepare
Registering precompiled user dll's ...
Registered in 0.009057 seconds.
Begin MonoManager ReloadAssembly
Native extension for WindowsStandalone target not found
Refreshing native plugins compatible for Editor in 0.78 ms, found 3 plugins.
Preloading 0 native plugins for Editor in 0.00 ms.
Mono: successfully reloaded assembly
- Completed reload, in  1.503 seconds
Platform modules already initialized, skipping
Refreshing native plugins compatible for Editor in 0.97 ms, found 3 plugins.
Preloading 0 native plugins for Editor in 0.00 ms.
Unloading 2306 Unused Serialized files (Serialized files now loaded: 0)
System memory in use before: 109.0 MB.
System memory in use after: 107.9 MB.

Unloading 33 unused Assets to reduce memory usage. Loaded Objects now: 2847.
Total: 7.881300 ms (FindLiveObjects: 0.587200 ms CreateObjectMapping: 0.269400 ms MarkObjects: 4.770800 ms  DeleteObjects: 2.250900 ms)

========================================================================
Received Prepare
Registering precompiled user dll's ...
Registered in 0.014149 seconds.
Begin MonoManager ReloadAssembly
Native extension for WindowsStandalone target not found
Refreshing native plugins compatible for Editor in 1.07 ms, found 3 plugins.
Preloading 0 native plugins for Editor in 0.00 ms.
Mono: successfully reloaded assembly
- Completed reload, in  3.523 seconds
Platform modules already initialized, skipping
Refreshing native plugins compatible for Editor in 1.11 ms, found 3 plugins.
Preloading 0 native plugins for Editor in 0.00 ms.
Unloading 2306 Unused Serialized files (Serialized files now loaded: 0)
System memory in use before: 109.0 MB.
System memory in use after: 107.9 MB.

Unloading 33 unused Assets to reduce memory usage. Loaded Objects now: 2851.
Total: 6.858900 ms (FindLiveObjects: 0.535400 ms CreateObjectMapping: 0.134500 ms MarkObjects: 4.111400 ms  DeleteObjects: 2.074600 ms)

========================================================================
Received Prepare
Registering precompiled user dll's ...
Registered in 0.009627 seconds.
Begin MonoManager ReloadAssembly
Native extension for WindowsStandalone target not found
Refreshing native plugins compatible for Editor in 1.31 ms, found 3 plugins.
Preloading 0 native plugins for Editor in 0.00 ms.
Mono: successfully reloaded assembly
- Completed reload, in  3.051 seconds
Platform modules already initialized, skipping
Refreshing native plugins compatible for Editor in 0.82 ms, found 3 plugins.
Preloading 0 native plugins for Editor in 0.00 ms.
Unloading 2306 Unused Serialized files (Serialized files now loaded: 0)
System memory in use before: 108.9 MB.
System memory in use after: 107.8 MB.

Unloading 33 unused Assets to reduce memory usage. Loaded Objects now: 2855.
Total: 91.830400 ms (FindLiveObjects: 1.156000 ms CreateObjectMapping: 0.274800 ms MarkObjects: 56.409800 ms  DeleteObjects: 33.987000 ms)

========================================================================
Received Prepare
Registering precompiled user dll's ...
Registered in 0.010474 seconds.
Begin MonoManager ReloadAssembly
Native extension for WindowsStandalone target not found
Refreshing native plugins compatible for Editor in 0.64 ms, found 3 plugins.
Preloading 0 native plugins for Editor in 0.00 ms.
Mono: successfully reloaded assembly
- Completed reload, in  1.558 seconds
Platform modules already initialized, skipping
Refreshing native plugins compatible for Editor in 0.63 ms, found 3 plugins.
Preloading 0 native plugins for Editor in 0.00 ms.
Unloading 2306 Unused Serialized files (Serialized files now loaded: 0)
System memory in use before: 109.0 MB.
System memory in use after: 107.9 MB.

Unloading 33 unused Assets to reduce memory usage. Loaded Objects now: 2859.
Total: 5.405700 ms (FindLiveObjects: 0.365500 ms CreateObjectMapping: 0.101800 ms MarkObjects: 3.270600 ms  DeleteObjects: 1.665600 ms)

========================================================================
Received Prepare
Registering precompiled user dll's ...
Registered in 0.009387 seconds.
Begin MonoManager ReloadAssembly
Native extension for WindowsStandalone target not found
Refreshing native plugins compatible for Editor in 0.99 ms, found 3 plugins.
Preloading 0 native plugins for Editor in 0.00 ms.
Mono: successfully reloaded assembly
- Completed reload, in  1.671 seconds
Platform modules already initialized, skipping
Refreshing native plugins compatible for Editor in 0.63 ms, found 3 plugins.
Preloading 0 native plugins for Editor in 0.00 ms.
Unloading 2306 Unused Serialized files (Serialized files now loaded: 0)
System memory in use before: 109.1 MB.
System memory in use after: 107.9 MB.

Unloading 33 unused Assets to reduce memory usage. Loaded Objects now: 2863.
Total: 5.463900 ms (FindLiveObjects: 0.372700 ms CreateObjectMapping: 0.098900 ms MarkObjects: 3.337100 ms  DeleteObjects: 1.653000 ms)

========================================================================
Received Prepare
Registering precompiled user dll's ...
Registered in 0.008823 seconds.
Begin MonoManager ReloadAssembly
Native extension for WindowsStandalone target not found
Refreshing native plugins compatible for Editor in 0.63 ms, found 3 plugins.
Preloading 0 native plugins for Editor in 0.00 ms.
Mono: successfully reloaded assembly
- Completed reload, in  1.537 seconds
Platform modules already initialized, skipping
Refreshing native plugins compatible for Editor in 0.64 ms, found 3 plugins.
Preloading 0 native plugins for Editor in 0.00 ms.
Unloading 2306 Unused Serialized files (Serialized files now loaded: 0)
System memory in use before: 109.0 MB.
System memory in use after: 108.0 MB.

Unloading 33 unused Assets to reduce memory usage. Loaded Objects now: 2867.
Total: 5.336700 ms (FindLiveObjects: 0.358700 ms CreateObjectMapping: 0.097800 ms MarkObjects: 3.228800 ms  DeleteObjects: 1.649400 ms)

AssetImportWorkerClient::OnTransportError - code=2 error=End of file
